Analysis & Synthesis report for alarm_clock_top
Thu Jul 25 15:34:59 2019
Quartus Prime Version 18.1.0 Build 625 09/12/2018 SJ Lite Edition


---------------------
; Table of Contents ;
---------------------
  1. Legal Notice
  2. Analysis & Synthesis Summary
  3. Analysis & Synthesis Settings
  4. Parallel Compilation
  5. Analysis & Synthesis Source Files Read
  6. Analysis & Synthesis Resource Usage Summary
  7. Analysis & Synthesis Resource Utilization by Entity
  8. State Machine - |alarm_clock_top|fsm:fsm1|pre_state
  9. Registers Removed During Synthesis
 10. General Register Statistics
 11. Multiplexer Restructuring Statistics (Restructuring Performed)
 12. Parameter Settings for User Entity Instance: fsm:fsm1
 13. Parameter Settings for User Entity Instance: lcd_driver_4:lcd_disp|lcd_driver:MS_HR
 14. Parameter Settings for User Entity Instance: lcd_driver_4:lcd_disp|lcd_driver:LS_HR
 15. Parameter Settings for User Entity Instance: lcd_driver_4:lcd_disp|lcd_driver:MS_MIN
 16. Parameter Settings for User Entity Instance: lcd_driver_4:lcd_disp|lcd_driver:LS_MIN
 17. Post-Synthesis Netlist Statistics for Top Partition
 18. Elapsed Time Per Partition
 19. Analysis & Synthesis Messages



----------------
; Legal Notice ;
----------------
Copyright (C) 2018  Intel Corporation. All rights reserved.
Your use of Intel Corporation's design tools, logic functions 
and other software and tools, and its AMPP partner logic 
functions, and any output files from any of the foregoing 
(including device programming or simulation files), and any 
associated documentation or information are expressly subject 
to the terms and conditions of the Intel Program License 
Subscription Agreement, the Intel Quartus Prime License Agreement,
the Intel FPGA IP License Agreement, or other applicable license
agreement, including, without limitation, that your use is for
the sole purpose of programming logic devices manufactured by
Intel and sold by Intel or its authorized distributors.  Please
refer to the applicable agreement for further details.



+-------------------------------------------------------------------------------+
; Analysis & Synthesis Summary                                                  ;
+---------------------------------+---------------------------------------------+
; Analysis & Synthesis Status     ; Successful - Thu Jul 25 15:34:59 2019       ;
; Quartus Prime Version           ; 18.1.0 Build 625 09/12/2018 SJ Lite Edition ;
; Revision Name                   ; alarm_clock_top                             ;
; Top-level Entity Name           ; alarm_clock_top                             ;
; Family                          ; Cyclone V                                   ;
; Logic utilization (in ALMs)     ; N/A                                         ;
; Total registers                 ; 79                                          ;
; Total pins                      ; 42                                          ;
; Total virtual pins              ; 0                                           ;
; Total block memory bits         ; 0                                           ;
; Total DSP Blocks                ; 0                                           ;
; Total HSSI RX PCSs              ; 0                                           ;
; Total HSSI PMA RX Deserializers ; 0                                           ;
; Total HSSI TX PCSs              ; 0                                           ;
; Total HSSI PMA TX Serializers   ; 0                                           ;
; Total PLLs                      ; 0                                           ;
; Total DLLs                      ; 0                                           ;
+---------------------------------+---------------------------------------------+


+---------------------------------------------------------------------------------------------------------------------------+
; Analysis & Synthesis Settings                                                                                             ;
+---------------------------------------------------------------------------------+--------------------+--------------------+
; Option                                                                          ; Setting            ; Default Value      ;
+---------------------------------------------------------------------------------+--------------------+--------------------+
; Device                                                                          ; 5CGXFC7C7F23C8     ;                    ;
; Top-level entity name                                                           ; alarm_clock_top    ; alarm_clock_top    ;
; Family name                                                                     ; Cyclone V          ; Cyclone V          ;
; Type of Retiming Performed During Resynthesis                                   ; Full               ;                    ;
; Resynthesis Optimization Effort                                                 ; Normal             ;                    ;
; Physical Synthesis Level for Resynthesis                                        ; Normal             ;                    ;
; Use Generated Physical Constraints File                                         ; On                 ;                    ;
; Use smart compilation                                                           ; Off                ; Off                ;
; Enable parallel Assembler and Timing Analyzer during compilation                ; On                 ; On                 ;
; Enable compact report table                                                     ; Off                ; Off                ;
; Restructure Multiplexers                                                        ; Auto               ; Auto               ;
; MLAB Add Timing Constraints For Mixed-Port Feed-Through Mode Setting Don't Care ; Off                ; Off                ;
; Create Debugging Nodes for IP Cores                                             ; Off                ; Off                ;
; Preserve fewer node names                                                       ; On                 ; On                 ;
; Intel FPGA IP Evaluation Mode                                                   ; Enable             ; Enable             ;
; Verilog Version                                                                 ; Verilog_2001       ; Verilog_2001       ;
; VHDL Version                                                                    ; VHDL_1993          ; VHDL_1993          ;
; State Machine Processing                                                        ; Auto               ; Auto               ;
; Safe State Machine                                                              ; Off                ; Off                ;
; Extract Verilog State Machines                                                  ; On                 ; On                 ;
; Extract VHDL State Machines                                                     ; On                 ; On                 ;
; Ignore Verilog initial constructs                                               ; Off                ; Off                ;
; Iteration limit for constant Verilog loops                                      ; 5000               ; 5000               ;
; Iteration limit for non-constant Verilog loops                                  ; 250                ; 250                ;
; Add Pass-Through Logic to Inferred RAMs                                         ; On                 ; On                 ;
; Infer RAMs from Raw Logic                                                       ; On                 ; On                 ;
; Parallel Synthesis                                                              ; On                 ; On                 ;
; DSP Block Balancing                                                             ; Auto               ; Auto               ;
; NOT Gate Push-Back                                                              ; On                 ; On                 ;
; Power-Up Don't Care                                                             ; On                 ; On                 ;
; Remove Redundant Logic Cells                                                    ; Off                ; Off                ;
; Remove Duplicate Registers                                                      ; On                 ; On                 ;
; Ignore CARRY Buffers                                                            ; Off                ; Off                ;
; Ignore CASCADE Buffers                                                          ; Off                ; Off                ;
; Ignore GLOBAL Buffers                                                           ; Off                ; Off                ;
; Ignore ROW GLOBAL Buffers                                                       ; Off                ; Off                ;
; Ignore LCELL Buffers                                                            ; Off                ; Off                ;
; Ignore SOFT Buffers                                                             ; On                 ; On                 ;
; Limit AHDL Integers to 32 Bits                                                  ; Off                ; Off                ;
; Optimization Technique                                                          ; Balanced           ; Balanced           ;
; Carry Chain Length                                                              ; 70                 ; 70                 ;
; Auto Carry Chains                                                               ; On                 ; On                 ;
; Auto Open-Drain Pins                                                            ; On                 ; On                 ;
; Perform WYSIWYG Primitive Resynthesis                                           ; Off                ; Off                ;
; Auto ROM Replacement                                                            ; On                 ; On                 ;
; Auto RAM Replacement                                                            ; On                 ; On                 ;
; Auto DSP Block Replacement                                                      ; On                 ; On                 ;
; Auto Shift Register Replacement                                                 ; Auto               ; Auto               ;
; Allow Shift Register Merging across Hierarchies                                 ; Auto               ; Auto               ;
; Auto Clock Enable Replacement                                                   ; On                 ; On                 ;
; Strict RAM Replacement                                                          ; Off                ; Off                ;
; Allow Synchronous Control Signals                                               ; On                 ; On                 ;
; Force Use of Synchronous Clear Signals                                          ; Off                ; Off                ;
; Auto Resource Sharing                                                           ; Off                ; Off                ;
; Allow Any RAM Size For Recognition                                              ; Off                ; Off                ;
; Allow Any ROM Size For Recognition                                              ; Off                ; Off                ;
; Allow Any Shift Register Size For Recognition                                   ; Off                ; Off                ;
; Use LogicLock Constraints during Resource Balancing                             ; On                 ; On                 ;
; Ignore translate_off and synthesis_off directives                               ; Off                ; Off                ;
; Timing-Driven Synthesis                                                         ; On                 ; On                 ;
; Report Parameter Settings                                                       ; On                 ; On                 ;
; Report Source Assignments                                                       ; On                 ; On                 ;
; Report Connectivity Checks                                                      ; On                 ; On                 ;
; Ignore Maximum Fan-Out Assignments                                              ; Off                ; Off                ;
; Synchronization Register Chain Length                                           ; 3                  ; 3                  ;
; Power Optimization During Synthesis                                             ; Normal compilation ; Normal compilation ;
; HDL message level                                                               ; Level2             ; Level2             ;
; Suppress Register Optimization Related Messages                                 ; Off                ; Off                ;
; Number of Removed Registers Reported in Synthesis Report                        ; 5000               ; 5000               ;
; Number of Swept Nodes Reported in Synthesis Report                              ; 5000               ; 5000               ;
; Number of Inverted Registers Reported in Synthesis Report                       ; 100                ; 100                ;
; Clock MUX Protection                                                            ; On                 ; On                 ;
; Auto Gated Clock Conversion                                                     ; Off                ; Off                ;
; Block Design Naming                                                             ; Auto               ; Auto               ;
; SDC constraint protection                                                       ; Off                ; Off                ;
; Synthesis Effort                                                                ; Auto               ; Auto               ;
; Shift Register Replacement - Allow Asynchronous Clear Signal                    ; On                 ; On                 ;
; Pre-Mapping Resynthesis Optimization                                            ; Off                ; Off                ;
; Analysis & Synthesis Message Level                                              ; Medium             ; Medium             ;
; Disable Register Merging Across Hierarchies                                     ; Auto               ; Auto               ;
; Resource Aware Inference For Block RAM                                          ; On                 ; On                 ;
; Automatic Parallel Synthesis                                                    ; On                 ; On                 ;
; Partial Reconfiguration Bitstream ID                                            ; Off                ; Off                ;
+---------------------------------------------------------------------------------+--------------------+--------------------+


+------------------------------------------+
; Parallel Compilation                     ;
+----------------------------+-------------+
; Processors                 ; Number      ;
+----------------------------+-------------+
; Number detected on machine ; 4           ;
; Maximum allowed            ; 2           ;
;                            ;             ;
; Average used               ; 1.00        ;
; Maximum used               ; 2           ;
;                            ;             ;
; Usage by Processor         ; % Time Used ;
;     Processor 1            ; 100.0%      ;
;     Processor 2            ;   0.0%      ;
+----------------------------+-------------+


+--------------------------------------------------------------------------------------------------------------------------------------------------------------------------------------------------+
; Analysis & Synthesis Source Files Read                                                                                                                                                           ;
+----------------------------------+-----------------+------------------------+----------------------------------------------------------------------------------------------------------+---------+
; File Name with User-Entered Path ; Used in Netlist ; File Type              ; File Name with Absolute Path                                                                             ; Library ;
+----------------------------------+-----------------+------------------------+----------------------------------------------------------------------------------------------------------+---------+
; ../rtl/timegen.v                 ; yes             ; User Verilog HDL File  ; C:/Users/JASUS/Music/Verilog HDL- Hands On/Pilot_Project_Solution/Project_Solution/rtl/timegen.v         ;         ;
; ../rtl/lcd_driver_4.v            ; yes             ; User Verilog HDL File  ; C:/Users/JASUS/Music/Verilog HDL- Hands On/Pilot_Project_Solution/Project_Solution/rtl/lcd_driver_4.v    ;         ;
; ../rtl/lcd_driver.v              ; yes             ; User Verilog HDL File  ; C:/Users/JASUS/Music/Verilog HDL- Hands On/Pilot_Project_Solution/Project_Solution/rtl/lcd_driver.v      ;         ;
; ../rtl/keyreg.v                  ; yes             ; User Verilog HDL File  ; C:/Users/JASUS/Music/Verilog HDL- Hands On/Pilot_Project_Solution/Project_Solution/rtl/keyreg.v          ;         ;
; ../rtl/fsm.v                     ; yes             ; User Verilog HDL File  ; C:/Users/JASUS/Music/Verilog HDL- Hands On/Pilot_Project_Solution/Project_Solution/rtl/fsm.v             ;         ;
; ../rtl/counter.v                 ; yes             ; User Verilog HDL File  ; C:/Users/JASUS/Music/Verilog HDL- Hands On/Pilot_Project_Solution/Project_Solution/rtl/counter.v         ;         ;
; ../rtl/alarm_reg.v               ; yes             ; User Verilog HDL File  ; C:/Users/JASUS/Music/Verilog HDL- Hands On/Pilot_Project_Solution/Project_Solution/rtl/alarm_reg.v       ;         ;
; ../rtl/alarm_clock_top.v         ; yes             ; User Verilog HDL File  ; C:/Users/JASUS/Music/Verilog HDL- Hands On/Pilot_Project_Solution/Project_Solution/rtl/alarm_clock_top.v ;         ;
+----------------------------------+-----------------+------------------------+----------------------------------------------------------------------------------------------------------+---------+


+-----------------------------------------------------------+
; Analysis & Synthesis Resource Usage Summary               ;
+---------------------------------------------+-------------+
; Resource                                    ; Usage       ;
+---------------------------------------------+-------------+
; Estimate of Logic utilization (ALMs needed) ; 96          ;
;                                             ;             ;
; Combinational ALUT usage for logic          ; 129         ;
;     -- 7 input functions                    ; 3           ;
;     -- 6 input functions                    ; 53          ;
;     -- 5 input functions                    ; 14          ;
;     -- 4 input functions                    ; 25          ;
;     -- <=3 input functions                  ; 34          ;
;                                             ;             ;
; Dedicated logic registers                   ; 79          ;
;                                             ;             ;
; I/O pins                                    ; 42          ;
;                                             ;             ;
; Total DSP Blocks                            ; 0           ;
;                                             ;             ;
; Maximum fan-out node                        ; clock~input ;
; Maximum fan-out                             ; 79          ;
; Total fan-out                               ; 948         ;
; Average fan-out                             ; 3.25        ;
+---------------------------------------------+-------------+


+---------------------------------------------------------------------------------------------------------------------------------------------------------------------------------------------------------------------------------+
; Analysis & Synthesis Resource Utilization by Entity                                                                                                                                                                             ;
+----------------------------+---------------------+---------------------------+-------------------+------------+------+--------------+----------------------------------------------------------+-----------------+--------------+
; Compilation Hierarchy Node ; Combinational ALUTs ; Dedicated Logic Registers ; Block Memory Bits ; DSP Blocks ; Pins ; Virtual Pins ; Full Hierarchy Name                                      ; Entity Name     ; Library Name ;
+----------------------------+---------------------+---------------------------+-------------------+------------+------+--------------+----------------------------------------------------------+-----------------+--------------+
; |alarm_clock_top           ; 129 (0)             ; 79 (0)                    ; 0                 ; 0          ; 42   ; 0            ; |alarm_clock_top                                         ; alarm_clock_top ; work         ;
;    |alarm_reg:alreg1|      ; 0 (0)               ; 16 (16)                   ; 0                 ; 0          ; 0    ; 0            ; |alarm_clock_top|alarm_reg:alreg1                        ; alarm_reg       ; work         ;
;    |counter:count1|        ; 33 (33)             ; 16 (16)                   ; 0                 ; 0          ; 0    ; 0            ; |alarm_clock_top|counter:count1                          ; counter         ; work         ;
;    |fsm:fsm1|              ; 23 (23)             ; 15 (15)                   ; 0                 ; 0          ; 0    ; 0            ; |alarm_clock_top|fsm:fsm1                                ; fsm             ; work         ;
;    |keyreg:keyreg1|        ; 0 (0)               ; 16 (16)                   ; 0                 ; 0          ; 0    ; 0            ; |alarm_clock_top|keyreg:keyreg1                          ; keyreg          ; work         ;
;    |lcd_driver_4:lcd_disp| ; 53 (6)              ; 0 (0)                     ; 0                 ; 0          ; 0    ; 0            ; |alarm_clock_top|lcd_driver_4:lcd_disp                   ; lcd_driver_4    ; work         ;
;       |lcd_driver:LS_HR|   ; 11 (11)             ; 0 (0)                     ; 0                 ; 0          ; 0    ; 0            ; |alarm_clock_top|lcd_driver_4:lcd_disp|lcd_driver:LS_HR  ; lcd_driver      ; work         ;
;       |lcd_driver:LS_MIN|  ; 13 (13)             ; 0 (0)                     ; 0                 ; 0          ; 0    ; 0            ; |alarm_clock_top|lcd_driver_4:lcd_disp|lcd_driver:LS_MIN ; lcd_driver      ; work         ;
;       |lcd_driver:MS_HR|   ; 11 (11)             ; 0 (0)                     ; 0                 ; 0          ; 0    ; 0            ; |alarm_clock_top|lcd_driver_4:lcd_disp|lcd_driver:MS_HR  ; lcd_driver      ; work         ;
;       |lcd_driver:MS_MIN|  ; 12 (12)             ; 0 (0)                     ; 0                 ; 0          ; 0    ; 0            ; |alarm_clock_top|lcd_driver_4:lcd_disp|lcd_driver:MS_MIN ; lcd_driver      ; work         ;
;    |timegen:tgen1|         ; 20 (20)             ; 16 (16)                   ; 0                 ; 0          ; 0    ; 0            ; |alarm_clock_top|timegen:tgen1                           ; timegen         ; work         ;
+----------------------------+---------------------+---------------------------+-------------------+------------+------+--------------+----------------------------------------------------------+-----------------+--------------+
Note: For table entries with two numbers listed, the numbers in parentheses indicate the number of resources of the given type used by the specific entity alone. The numbers listed outside of parentheses indicate the total resources of the given type used by the specific entity and all of its sub-entities in the hierarchy.


Encoding Type:  One-Hot
+-----------------------------------------------------------------------------------------------------------------------------------------------------------------------------------------------------+
; State Machine - |alarm_clock_top|fsm:fsm1|pre_state                                                                                                                                                 ;
+----------------------------+----------------------+----------------------------+--------------------------+----------------------+----------------------+---------------------+---------------------+
; Name                       ; pre_state.KEY_WAITED ; pre_state.SET_CURRENT_TIME ; pre_state.SET_ALARM_TIME ; pre_state.SHOW_ALARM ; pre_state.KEY_STORED ; pre_state.KEY_ENTRY ; pre_state.SHOW_TIME ;
+----------------------------+----------------------+----------------------------+--------------------------+----------------------+----------------------+---------------------+---------------------+
; pre_state.SHOW_TIME        ; 0                    ; 0                          ; 0                        ; 0                    ; 0                    ; 0                   ; 0                   ;
; pre_state.KEY_ENTRY        ; 0                    ; 0                          ; 0                        ; 0                    ; 0                    ; 1                   ; 1                   ;
; pre_state.KEY_STORED       ; 0                    ; 0                          ; 0                        ; 0                    ; 1                    ; 0                   ; 1                   ;
; pre_state.SHOW_ALARM       ; 0                    ; 0                          ; 0                        ; 1                    ; 0                    ; 0                   ; 1                   ;
; pre_state.SET_ALARM_TIME   ; 0                    ; 0                          ; 1                        ; 0                    ; 0                    ; 0                   ; 1                   ;
; pre_state.SET_CURRENT_TIME ; 0                    ; 1                          ; 0                        ; 0                    ; 0                    ; 0                   ; 1                   ;
; pre_state.KEY_WAITED       ; 1                    ; 0                          ; 0                        ; 0                    ; 0                    ; 0                   ; 1                   ;
+----------------------------+----------------------+----------------------------+--------------------------+----------------------+----------------------+---------------------+---------------------+


+------------------------------------------------------------+
; Registers Removed During Synthesis                         ;
+---------------------------------------+--------------------+
; Register name                         ; Reason for Removal ;
+---------------------------------------+--------------------+
; fsm:fsm1|pre_state~4                  ; Lost fanout        ;
; fsm:fsm1|pre_state~5                  ; Lost fanout        ;
; fsm:fsm1|pre_state~6                  ; Lost fanout        ;
; Total Number of Removed Registers = 3 ;                    ;
+---------------------------------------+--------------------+


+------------------------------------------------------+
; General Register Statistics                          ;
+----------------------------------------------+-------+
; Statistic                                    ; Value ;
+----------------------------------------------+-------+
; Total registers                              ; 79    ;
; Number of registers using Synchronous Clear  ; 15    ;
; Number of registers using Synchronous Load   ; 6     ;
; Number of registers using Asynchronous Clear ; 79    ;
; Number of registers using Asynchronous Load  ; 0     ;
; Number of registers using Clock Enable       ; 43    ;
; Number of registers using Preset             ; 0     ;
+----------------------------------------------+-------+


+----------------------------------------------------------------------------------------------------------------------------------------------------------------------------------------+
; Multiplexer Restructuring Statistics (Restructuring Performed)                                                                                                                         ;
+--------------------+-----------+---------------+----------------------+------------------------+------------+--------------------------------------------------------------------------+
; Multiplexer Inputs ; Bus Width ; Baseline Area ; Area if Restructured ; Saving if Restructured ; Registered ; Example Multiplexer Output                                               ;
+--------------------+-----------+---------------+----------------------+------------------------+------------+--------------------------------------------------------------------------+
; 3:1                ; 4 bits    ; 8 LEs         ; 8 LEs                ; 0 LEs                  ; Yes        ; |alarm_clock_top|fsm:fsm1|count1[2]                                      ;
; 3:1                ; 4 bits    ; 8 LEs         ; 8 LEs                ; 0 LEs                  ; Yes        ; |alarm_clock_top|fsm:fsm1|count2[1]                                      ;
; 3:1                ; 14 bits   ; 28 LEs        ; 0 LEs                ; 28 LEs                 ; Yes        ; |alarm_clock_top|timegen:tgen1|count[9]                                  ;
; 5:1                ; 4 bits    ; 12 LEs        ; 8 LEs                ; 4 LEs                  ; Yes        ; |alarm_clock_top|counter:count1|current_time_ms_hr[1]                    ;
; 6:1                ; 4 bits    ; 16 LEs        ; 8 LEs                ; 8 LEs                  ; Yes        ; |alarm_clock_top|counter:count1|current_time_ls_hr[1]                    ;
; 7:1                ; 4 bits    ; 16 LEs        ; 12 LEs               ; 4 LEs                  ; Yes        ; |alarm_clock_top|counter:count1|current_time_ms_min[3]                   ;
; 7:1                ; 4 bits    ; 16 LEs        ; 16 LEs               ; 0 LEs                  ; Yes        ; |alarm_clock_top|counter:count1|current_time_ls_min[0]                   ;
; 3:1                ; 16 bits   ; 32 LEs        ; 32 LEs               ; 0 LEs                  ; No         ; |alarm_clock_top|lcd_driver_4:lcd_disp|lcd_driver:LS_HR|display_value[0] ;
; 4:1                ; 2 bits    ; 4 LEs         ; 4 LEs                ; 0 LEs                  ; No         ; |alarm_clock_top|fsm:fsm1|next_state                                     ;
+--------------------+-----------+---------------+----------------------+------------------------+------------+--------------------------------------------------------------------------+


+-------------------------------------------------------+
; Parameter Settings for User Entity Instance: fsm:fsm1 ;
+------------------+-------+----------------------------+
; Parameter Name   ; Value ; Type                       ;
+------------------+-------+----------------------------+
; SHOW_TIME        ; 000   ; Unsigned Binary            ;
; KEY_ENTRY        ; 001   ; Unsigned Binary            ;
; KEY_STORED       ; 010   ; Unsigned Binary            ;
; SHOW_ALARM       ; 011   ; Unsigned Binary            ;
; SET_ALARM_TIME   ; 100   ; Unsigned Binary            ;
; SET_CURRENT_TIME ; 101   ; Unsigned Binary            ;
; KEY_WAITED       ; 110   ; Unsigned Binary            ;
; NOKEY            ; 10    ; Signed Integer             ;
+------------------+-------+----------------------------+
Note: In order to hide this table in the UI and the text report file, please set the "Show Parameter Settings in Synthesis Report" option in "Analysis and Synthesis Settings -> More Settings" to "Off".


+-------------------------------------------------------------------------------------+
; Parameter Settings for User Entity Instance: lcd_driver_4:lcd_disp|lcd_driver:MS_HR ;
+----------------+----------+---------------------------------------------------------+
; Parameter Name ; Value    ; Type                                                    ;
+----------------+----------+---------------------------------------------------------+
; ZERO           ; 00110000 ; Unsigned Binary                                         ;
; ONE            ; 00110001 ; Unsigned Binary                                         ;
; TWO            ; 00110010 ; Unsigned Binary                                         ;
; THREE          ; 00110011 ; Unsigned Binary                                         ;
; FOUR           ; 00110100 ; Unsigned Binary                                         ;
; FIVE           ; 00110101 ; Unsigned Binary                                         ;
; SIX            ; 00110110 ; Unsigned Binary                                         ;
; SEVEN          ; 00110111 ; Unsigned Binary                                         ;
; EIGHT          ; 00111000 ; Unsigned Binary                                         ;
; NINE           ; 00111001 ; Unsigned Binary                                         ;
; ERROR          ; 00111010 ; Unsigned Binary                                         ;
+----------------+----------+---------------------------------------------------------+
Note: In order to hide this table in the UI and the text report file, please set the "Show Parameter Settings in Synthesis Report" option in "Analysis and Synthesis Settings -> More Settings" to "Off".


+-------------------------------------------------------------------------------------+
; Parameter Settings for User Entity Instance: lcd_driver_4:lcd_disp|lcd_driver:LS_HR ;
+----------------+----------+---------------------------------------------------------+
; Parameter Name ; Value    ; Type                                                    ;
+----------------+----------+---------------------------------------------------------+
; ZERO           ; 00110000 ; Unsigned Binary                                         ;
; ONE            ; 00110001 ; Unsigned Binary                                         ;
; TWO            ; 00110010 ; Unsigned Binary                                         ;
; THREE          ; 00110011 ; Unsigned Binary                                         ;
; FOUR           ; 00110100 ; Unsigned Binary                                         ;
; FIVE           ; 00110101 ; Unsigned Binary                                         ;
; SIX            ; 00110110 ; Unsigned Binary                                         ;
; SEVEN          ; 00110111 ; Unsigned Binary                                         ;
; EIGHT          ; 00111000 ; Unsigned Binary                                         ;
; NINE           ; 00111001 ; Unsigned Binary                                         ;
; ERROR          ; 00111010 ; Unsigned Binary                                         ;
+----------------+----------+---------------------------------------------------------+
Note: In order to hide this table in the UI and the text report file, please set the "Show Parameter Settings in Synthesis Report" option in "Analysis and Synthesis Settings -> More Settings" to "Off".


+--------------------------------------------------------------------------------------+
; Parameter Settings for User Entity Instance: lcd_driver_4:lcd_disp|lcd_driver:MS_MIN ;
+----------------+----------+----------------------------------------------------------+
; Parameter Name ; Value    ; Type                                                     ;
+----------------+----------+----------------------------------------------------------+
; ZERO           ; 00110000 ; Unsigned Binary                                          ;
; ONE            ; 00110001 ; Unsigned Binary                                          ;
; TWO            ; 00110010 ; Unsigned Binary                                          ;
; THREE          ; 00110011 ; Unsigned Binary                                          ;
; FOUR           ; 00110100 ; Unsigned Binary                                          ;
; FIVE           ; 00110101 ; Unsigned Binary                                          ;
; SIX            ; 00110110 ; Unsigned Binary                                          ;
; SEVEN          ; 00110111 ; Unsigned Binary                                          ;
; EIGHT          ; 00111000 ; Unsigned Binary                                          ;
; NINE           ; 00111001 ; Unsigned Binary                                          ;
; ERROR          ; 00111010 ; Unsigned Binary                                          ;
+----------------+----------+----------------------------------------------------------+
Note: In order to hide this table in the UI and the text report file, please set the "Show Parameter Settings in Synthesis Report" option in "Analysis and Synthesis Settings -> More Settings" to "Off".


+--------------------------------------------------------------------------------------+
; Parameter Settings for User Entity Instance: lcd_driver_4:lcd_disp|lcd_driver:LS_MIN ;
+----------------+----------+----------------------------------------------------------+
; Parameter Name ; Value    ; Type                                                     ;
+----------------+----------+----------------------------------------------------------+
; ZERO           ; 00110000 ; Unsigned Binary                                          ;
; ONE            ; 00110001 ; Unsigned Binary                                          ;
; TWO            ; 00110010 ; Unsigned Binary                                          ;
; THREE          ; 00110011 ; Unsigned Binary                                          ;
; FOUR           ; 00110100 ; Unsigned Binary                                          ;
; FIVE           ; 00110101 ; Unsigned Binary                                          ;
; SIX            ; 00110110 ; Unsigned Binary                                          ;
; SEVEN          ; 00110111 ; Unsigned Binary                                          ;
; EIGHT          ; 00111000 ; Unsigned Binary                                          ;
; NINE           ; 00111001 ; Unsigned Binary                                          ;
; ERROR          ; 00111010 ; Unsigned Binary                                          ;
+----------------+----------+----------------------------------------------------------+
Note: In order to hide this table in the UI and the text report file, please set the "Show Parameter Settings in Synthesis Report" option in "Analysis and Synthesis Settings -> More Settings" to "Off".


+-----------------------------------------------------+
; Post-Synthesis Netlist Statistics for Top Partition ;
+-----------------------+-----------------------------+
; Type                  ; Count                       ;
+-----------------------+-----------------------------+
; arriav_ff             ; 79                          ;
;     CLR               ; 19                          ;
;     CLR SCLR          ; 15                          ;
;     CLR SLD           ; 2                           ;
;     ENA CLR           ; 39                          ;
;     ENA CLR SLD       ; 4                           ;
; arriav_lcell_comb     ; 131                         ;
;     arith             ; 14                          ;
;         1 data inputs ; 14                          ;
;     extend            ; 3                           ;
;         7 data inputs ; 3                           ;
;     normal            ; 114                         ;
;         0 data inputs ; 2                           ;
;         1 data inputs ; 2                           ;
;         2 data inputs ; 10                          ;
;         3 data inputs ; 8                           ;
;         4 data inputs ; 25                          ;
;         5 data inputs ; 14                          ;
;         6 data inputs ; 53                          ;
; boundary_port         ; 42                          ;
;                       ;                             ;
; Max LUT depth         ; 3.00                        ;
; Average LUT depth     ; 2.18                        ;
+-----------------------+-----------------------------+


+-------------------------------+
; Elapsed Time Per Partition    ;
+----------------+--------------+
; Partition Name ; Elapsed Time ;
+----------------+--------------+
; Top            ; 00:00:01     ;
+----------------+--------------+


+-------------------------------+
; Analysis & Synthesis Messages ;
+-------------------------------+
Info: *******************************************************************
Info: Running Quartus Prime Analysis & Synthesis
    Info: Version 18.1.0 Build 625 09/12/2018 SJ Lite Edition
    Info: Processing started: Thu Jul 25 15:34:39 2019
Info: Command: quartus_map --read_settings_files=on --write_settings_files=off Digital_Clock -c alarm_clock_top
Warning (18236): Number of processors has not been specified which may cause overloading on shared machines.  Set the global assignment NUM_PARALLEL_PROCESSORS in your QSF to an appropriate value for best performance.
Info (20030): Parallel compilation is enabled and will use 2 of the 2 processors detected
Info (12021): Found 1 design units, including 1 entities, in source file /users/jasus/music/verilog hdl- hands on/pilot_project_solution/project_solution/rtl/timegen.v
    Info (12023): Found entity 1: timegen File: C:/Users/JASUS/Music/Verilog HDL- Hands On/Pilot_Project_Solution/Project_Solution/rtl/timegen.v Line: 18
Info (12021): Found 1 design units, including 1 entities, in source file /users/jasus/music/verilog hdl- hands on/pilot_project_solution/project_solution/rtl/lcd_driver_4.v
    Info (12023): Found entity 1: lcd_driver_4 File: C:/Users/JASUS/Music/Verilog HDL- Hands On/Pilot_Project_Solution/Project_Solution/rtl/lcd_driver_4.v Line: 17
Info (12021): Found 1 design units, including 1 entities, in source file /users/jasus/music/verilog hdl- hands on/pilot_project_solution/project_solution/rtl/lcd_driver.v
    Info (12023): Found entity 1: lcd_driver File: C:/Users/JASUS/Music/Verilog HDL- Hands On/Pilot_Project_Solution/Project_Solution/rtl/lcd_driver.v Line: 16
Info (12021): Found 1 design units, including 1 entities, in source file /users/jasus/music/verilog hdl- hands on/pilot_project_solution/project_solution/rtl/keyreg.v
    Info (12023): Found entity 1: keyreg File: C:/Users/JASUS/Music/Verilog HDL- Hands On/Pilot_Project_Solution/Project_Solution/rtl/keyreg.v Line: 17
Info (12021): Found 1 design units, including 1 entities, in source file /users/jasus/music/verilog hdl- hands on/pilot_project_solution/project_solution/rtl/fsm.v
    Info (12023): Found entity 1: fsm File: C:/Users/JASUS/Music/Verilog HDL- Hands On/Pilot_Project_Solution/Project_Solution/rtl/fsm.v Line: 18
Info (12021): Found 1 design units, including 1 entities, in source file /users/jasus/music/verilog hdl- hands on/pilot_project_solution/project_solution/rtl/counter.v
    Info (12023): Found entity 1: counter File: C:/Users/JASUS/Music/Verilog HDL- Hands On/Pilot_Project_Solution/Project_Solution/rtl/counter.v Line: 16
Info (12021): Found 1 design units, including 1 entities, in source file /users/jasus/music/verilog hdl- hands on/pilot_project_solution/project_solution/rtl/alarm_reg.v
    Info (12023): Found entity 1: alarm_reg File: C:/Users/JASUS/Music/Verilog HDL- Hands On/Pilot_Project_Solution/Project_Solution/rtl/alarm_reg.v Line: 17
Info (12021): Found 1 design units, including 1 entities, in source file /users/jasus/music/verilog hdl- hands on/pilot_project_solution/project_solution/rtl/alarm_clock_top.v
    Info (12023): Found entity 1: alarm_clock_top File: C:/Users/JASUS/Music/Verilog HDL- Hands On/Pilot_Project_Solution/Project_Solution/rtl/alarm_clock_top.v Line: 16
Info (12127): Elaborating entity "alarm_clock_top" for the top level hierarchy
Info (12128): Elaborating entity "timegen" for hierarchy "timegen:tgen1" File: C:/Users/JASUS/Music/Verilog HDL- Hands On/Pilot_Project_Solution/Project_Solution/rtl/alarm_clock_top.v Line: 74
Info (12128): Elaborating entity "counter" for hierarchy "counter:count1" File: C:/Users/JASUS/Music/Verilog HDL- Hands On/Pilot_Project_Solution/Project_Solution/rtl/alarm_clock_top.v Line: 89
Info (12128): Elaborating entity "alarm_reg" for hierarchy "alarm_reg:alreg1" File: C:/Users/JASUS/Music/Verilog HDL- Hands On/Pilot_Project_Solution/Project_Solution/rtl/alarm_clock_top.v Line: 102
Info (12128): Elaborating entity "keyreg" for hierarchy "keyreg:keyreg1" File: C:/Users/JASUS/Music/Verilog HDL- Hands On/Pilot_Project_Solution/Project_Solution/rtl/alarm_clock_top.v Line: 113
Info (12128): Elaborating entity "fsm" for hierarchy "fsm:fsm1" File: C:/Users/JASUS/Music/Verilog HDL- Hands On/Pilot_Project_Solution/Project_Solution/rtl/alarm_clock_top.v Line: 128
Warning (10230): Verilog HDL assignment warning at fsm.v(98): truncated value with size 32 to match size of target (1) File: C:/Users/JASUS/Music/Verilog HDL- Hands On/Pilot_Project_Solution/Project_Solution/rtl/fsm.v Line: 98
Warning (10230): Verilog HDL assignment warning at fsm.v(181): truncated value with size 32 to match size of target (1) File: C:/Users/JASUS/Music/Verilog HDL- Hands On/Pilot_Project_Solution/Project_Solution/rtl/fsm.v Line: 181
Warning (10230): Verilog HDL assignment warning at fsm.v(185): truncated value with size 32 to match size of target (1) File: C:/Users/JASUS/Music/Verilog HDL- Hands On/Pilot_Project_Solution/Project_Solution/rtl/fsm.v Line: 185
Warning (10230): Verilog HDL assignment warning at fsm.v(187): truncated value with size 32 to match size of target (1) File: C:/Users/JASUS/Music/Verilog HDL- Hands On/Pilot_Project_Solution/Project_Solution/rtl/fsm.v Line: 187
Warning (10230): Verilog HDL assignment warning at fsm.v(189): truncated value with size 32 to match size of target (1) File: C:/Users/JASUS/Music/Verilog HDL- Hands On/Pilot_Project_Solution/Project_Solution/rtl/fsm.v Line: 189
Warning (10230): Verilog HDL assignment warning at fsm.v(191): truncated value with size 32 to match size of target (1) File: C:/Users/JASUS/Music/Verilog HDL- Hands On/Pilot_Project_Solution/Project_Solution/rtl/fsm.v Line: 191
Warning (10230): Verilog HDL assignment warning at fsm.v(193): truncated value with size 32 to match size of target (1) File: C:/Users/JASUS/Music/Verilog HDL- Hands On/Pilot_Project_Solution/Project_Solution/rtl/fsm.v Line: 193
Info (12128): Elaborating entity "lcd_driver_4" for hierarchy "lcd_driver_4:lcd_disp" File: C:/Users/JASUS/Music/Verilog HDL- Hands On/Pilot_Project_Solution/Project_Solution/rtl/alarm_clock_top.v Line: 148
Info (12128): Elaborating entity "lcd_driver" for hierarchy "lcd_driver_4:lcd_disp|lcd_driver:MS_HR" File: C:/Users/JASUS/Music/Verilog HDL- Hands On/Pilot_Project_Solution/Project_Solution/rtl/lcd_driver_4.v Line: 71
Warning (13024): Output pins are stuck at VCC or GND
    Warning (13410): Pin "ms_hour[4]" is stuck at VCC File: C:/Users/JASUS/Music/Verilog HDL- Hands On/Pilot_Project_Solution/Project_Solution/rtl/alarm_clock_top.v Line: 36
    Warning (13410): Pin "ms_hour[5]" is stuck at VCC File: C:/Users/JASUS/Music/Verilog HDL- Hands On/Pilot_Project_Solution/Project_Solution/rtl/alarm_clock_top.v Line: 36
    Warning (13410): Pin "ms_hour[6]" is stuck at GND File: C:/Users/JASUS/Music/Verilog HDL- Hands On/Pilot_Project_Solution/Project_Solution/rtl/alarm_clock_top.v Line: 36
    Warning (13410): Pin "ms_hour[7]" is stuck at GND File: C:/Users/JASUS/Music/Verilog HDL- Hands On/Pilot_Project_Solution/Project_Solution/rtl/alarm_clock_top.v Line: 36
    Warning (13410): Pin "ls_hour[4]" is stuck at VCC File: C:/Users/JASUS/Music/Verilog HDL- Hands On/Pilot_Project_Solution/Project_Solution/rtl/alarm_clock_top.v Line: 37
    Warning (13410): Pin "ls_hour[5]" is stuck at VCC File: C:/Users/JASUS/Music/Verilog HDL- Hands On/Pilot_Project_Solution/Project_Solution/rtl/alarm_clock_top.v Line: 37
    Warning (13410): Pin "ls_hour[6]" is stuck at GND File: C:/Users/JASUS/Music/Verilog HDL- Hands On/Pilot_Project_Solution/Project_Solution/rtl/alarm_clock_top.v Line: 37
    Warning (13410): Pin "ls_hour[7]" is stuck at GND File: C:/Users/JASUS/Music/Verilog HDL- Hands On/Pilot_Project_Solution/Project_Solution/rtl/alarm_clock_top.v Line: 37
    Warning (13410): Pin "ms_minute[4]" is stuck at VCC File: C:/Users/JASUS/Music/Verilog HDL- Hands On/Pilot_Project_Solution/Project_Solution/rtl/alarm_clock_top.v Line: 38
    Warning (13410): Pin "ms_minute[5]" is stuck at VCC File: C:/Users/JASUS/Music/Verilog HDL- Hands On/Pilot_Project_Solution/Project_Solution/rtl/alarm_clock_top.v Line: 38
    Warning (13410): Pin "ms_minute[6]" is stuck at GND File: C:/Users/JASUS/Music/Verilog HDL- Hands On/Pilot_Project_Solution/Project_Solution/rtl/alarm_clock_top.v Line: 38
    Warning (13410): Pin "ms_minute[7]" is stuck at GND File: C:/Users/JASUS/Music/Verilog HDL- Hands On/Pilot_Project_Solution/Project_Solution/rtl/alarm_clock_top.v Line: 38
    Warning (13410): Pin "ls_minute[4]" is stuck at VCC File: C:/Users/JASUS/Music/Verilog HDL- Hands On/Pilot_Project_Solution/Project_Solution/rtl/alarm_clock_top.v Line: 39
    Warning (13410): Pin "ls_minute[5]" is stuck at VCC File: C:/Users/JASUS/Music/Verilog HDL- Hands On/Pilot_Project_Solution/Project_Solution/rtl/alarm_clock_top.v Line: 39
    Warning (13410): Pin "ls_minute[6]" is stuck at GND File: C:/Users/JASUS/Music/Verilog HDL- Hands On/Pilot_Project_Solution/Project_Solution/rtl/alarm_clock_top.v Line: 39
    Warning (13410): Pin "ls_minute[7]" is stuck at GND File: C:/Users/JASUS/Music/Verilog HDL- Hands On/Pilot_Project_Solution/Project_Solution/rtl/alarm_clock_top.v Line: 39
Info (286030): Timing-Driven Synthesis is running
Info (17049): 3 registers lost all their fanouts during netlist optimizations.
Info (16010): Generating hard_block partition "hard_block:auto_generated_inst"
    Info (16011): Adding 0 node(s), including 0 DDIO, 0 PLL, 0 transceiver and 0 LCELL
Info (21057): Implemented 205 device resources after synthesis - the final resource count might be different
    Info (21058): Implemented 9 input pins
    Info (21059): Implemented 33 output pins
    Info (21061): Implemented 163 logic cells
Info: Quartus Prime Analysis & Synthesis was successful. 0 errors, 26 warnings
    Info: Peak virtual memory: 4823 megabytes
    Info: Processing ended: Thu Jul 25 15:34:59 2019
    Info: Elapsed time: 00:00:20
    Info: Total CPU time (on all processors): 00:00:38


