Assembler report for alarm_clock_top
Thu Jul 25 15:36:28 2019
Quartus Prime Version 18.1.0 Build 625 09/12/2018 SJ Lite Edition


---------------------
; Table of Contents ;
---------------------
  1. Legal Notice
  2. Assembler Summary
  3. Assembler Settings
  4. Assembler Generated Files
  5. Assembler Device Options: C:/Users/JASUS/Music/Verilog HDL- Hands On/Pilot_Project_Solution/Project_Solution/sim/output_files/alarm_clock_top.sof
  6. Assembler Messages



----------------
; Legal Notice ;
----------------
Copyright (C) 2018  Intel Corporation. All rights reserved.
Your use of Intel Corporation's design tools, logic functions 
and other software and tools, and its AMPP partner logic 
functions, and any output files from any of the foregoing 
(including device programming or simulation files), and any 
associated documentation or information are expressly subject 
to the terms and conditions of the Intel Program License 
Subscription Agreement, the Intel Quartus Prime License Agreement,
the Intel FPGA IP License Agreement, or other applicable license
agreement, including, without limitation, that your use is for
the sole purpose of programming logic devices manufactured by
Intel and sold by Intel or its authorized distributors.  Please
refer to the applicable agreement for further details.



+---------------------------------------------------------------+
; Assembler Summary                                             ;
+-----------------------+---------------------------------------+
; Assembler Status      ; Successful - Thu Jul 25 15:36:28 2019 ;
; Revision Name         ; alarm_clock_top                       ;
; Top-level Entity Name ; alarm_clock_top                       ;
; Family                ; Cyclone V                             ;
; Device                ; 5CGXFC7C7F23C8                        ;
+-----------------------+---------------------------------------+


+----------------------------------+
; Assembler Settings               ;
+--------+---------+---------------+
; Option ; Setting ; Default Value ;
+--------+---------+---------------+


+-------------------------------------------------------------------------------------------------------------------------+
; Assembler Generated Files                                                                                               ;
+-------------------------------------------------------------------------------------------------------------------------+
; File Name                                                                                                               ;
+-------------------------------------------------------------------------------------------------------------------------+
; C:/Users/JASUS/Music/Verilog HDL- Hands On/Pilot_Project_Solution/Project_Solution/sim/output_files/alarm_clock_top.sof ;
+-------------------------------------------------------------------------------------------------------------------------+


+---------------------------------------------------------------------------------------------------------------------------------------------------+
; Assembler Device Options: C:/Users/JASUS/Music/Verilog HDL- Hands On/Pilot_Project_Solution/Project_Solution/sim/output_files/alarm_clock_top.sof ;
+----------------+----------------------------------------------------------------------------------------------------------------------------------+
; Option         ; Setting                                                                                                                          ;
+----------------+----------------------------------------------------------------------------------------------------------------------------------+
; JTAG usercode  ; 0x00EF8E20                                                                                                                       ;
; Checksum       ; 0x00EF8E20                                                                                                                       ;
+----------------+----------------------------------------------------------------------------------------------------------------------------------+


+--------------------+
; Assembler Messages ;
+--------------------+
Info: *******************************************************************
Info: Running Quartus Prime Assembler
    Info: Version 18.1.0 Build 625 09/12/2018 SJ Lite Edition
    Info: Processing started: Thu Jul 25 15:36:15 2019
Info: Command: quartus_asm --read_settings_files=off --write_settings_files=off Digital_Clock -c alarm_clock_top
Warning (18236): Number of processors has not been specified which may cause overloading on shared machines.  Set the global assignment NUM_PARALLEL_PROCESSORS in your QSF to an appropriate value for best performance.
Info (115030): Assembler is generating device programming files
Info: Quartus Prime Assembler was successful. 0 errors, 2 warnings
    Info: Peak virtual memory: 4837 megabytes
    Info: Processing ended: Thu Jul 25 15:36:29 2019
    Info: Elapsed time: 00:00:14
    Info: Total CPU time (on all processors): 00:00:11


